2020-03-09 12:19:55,324 - MainProcess[MainThread]- BrowserManager       - INFO    : BROWSER 1: Launching browser...
2020-03-09 12:19:55,332 - MainProcess[MainThread]- BrowserManager       - DEBUG   : BROWSER 1: Spawn attempt 0 
2020-03-09 12:19:55,344 - MainProcess[MainThread]- deploy_firefox       - DEBUG   : BROWSER 1: Saved extension config file to: /var/folders/qy/z4vjh7m95g10pqrb3md6gy8m0000gn/T/tmp4dl49ps1/browser_params.json
2020-03-09 12:19:56,406 - MainProcess[log-interceptor-1]- selenium_firefox     - DEBUG   : BROWSER 1: driver: 1583756396405	mozrunner::runner	INFO	Running command: "/Users/Danik/Desktop/KCL/YEAR_3/PRJ/OpenWPM/Nightly.app/Contents/MacOS/firefox-bin" "-marionette" "-foreground" "-no-remote" "-profile" "/var/folders/qy/z4vjh7m95g10pqrb3md6gy8m0000gn/T/rust_mozprofileXrU75u"
2020-03-09 12:19:57,229 - MainProcess[log-interceptor-1]- selenium_firefox     - DEBUG   : BROWSER 1: driver: 1583756397228	addons.webextension.doh-rollout@mozilla.org	WARN	Loading extension 'doh-rollout@mozilla.org': Reading manifest: Invalid extension permission: networkStatus
2020-03-09 12:19:57,302 - MainProcess[log-interceptor-1]- selenium_firefox     - DEBUG   : BROWSER 1: driver: 1583756397302	addons.webextension.screenshots@mozilla.org	WARN	Loading extension 'screenshots@mozilla.org': Reading manifest: Invalid extension permission: mozillaAddons
2020-03-09 12:19:57,303 - MainProcess[log-interceptor-1]- selenium_firefox     - DEBUG   : BROWSER 1: driver: 1583756397302	addons.webextension.screenshots@mozilla.org	WARN	Loading extension 'screenshots@mozilla.org': Reading manifest: Invalid extension permission: telemetry
2020-03-09 12:19:57,303 - MainProcess[log-interceptor-1]- selenium_firefox     - DEBUG   : BROWSER 1: driver: 1583756397302	addons.webextension.screenshots@mozilla.org	WARN	Loading extension 'screenshots@mozilla.org': Reading manifest: Invalid extension permission: resource://pdf.js/
2020-03-09 12:19:57,304 - MainProcess[log-interceptor-1]- selenium_firefox     - DEBUG   : BROWSER 1: driver: 1583756397302	addons.webextension.screenshots@mozilla.org	WARN	Loading extension 'screenshots@mozilla.org': Reading manifest: Invalid extension permission: about:reader*
2020-03-09 12:20:00,327 - MainProcess[MainThread]- BaseAggregator       - DEBUG   : Status update; current record queue size: 0. current number of threads: 4.
2020-03-09 12:20:00,380 - MainProcess[log-interceptor-1]- selenium_firefox     - DEBUG   : BROWSER 1: driver: 1583756400379	Marionette	INFO	Listening on port 56682
2020-03-09 12:20:00,397 - MainProcess[log-interceptor-1]- selenium_firefox     - DEBUG   : BROWSER 1: driver: 1583756400397	Marionette	WARN	TLS certificate errors will be ignored for this session
2020-03-09 12:20:00,532 - MainProcess[MainThread]- deploy_firefox       - DEBUG   : BROWSER 1: OpenWPM Firefox extension loaded
2020-03-09 12:20:00,814 - MainProcess[Thread-1  ]- FirefoxExtension     - DEBUG   : Cookie instrumentation enabled
2020-03-09 12:20:00,818 - MainProcess[Thread-1  ]- FirefoxExtension     - DEBUG   : HTTP Instrumentation enabled
2020-03-09 12:20:00,828 - MainProcess[log-interceptor-1]- selenium_firefox     - DEBUG   : BROWSER 1: driver: console.log: WebExtensions: Wrote to /var/folders/qy/z4vjh7m95g10pqrb3md6gy8m0000gn/T/rust_mozprofileXrU75u/extension_port.txt
2020-03-09 12:20:00,851 - MainProcess[MainThread]- BrowserManager       - DEBUG   : BROWSER 1: Looking for extension port information in /var/folders/qy/z4vjh7m95g10pqrb3md6gy8m0000gn/T/rust_mozprofileXrU75u/
2020-03-09 12:20:00,852 - MainProcess[MainThread]- BrowserManager       - DEBUG   : BROWSER 1: Connecting to extension on port 56728
2020-03-09 12:20:00,853 - MainProcess[MainThread]- BrowserManager       - DEBUG   : BROWSER 1: BrowserManager ready.
2020-03-09 12:20:00,854 - MainProcess[MainThread]- BrowserManager       - DEBUG   : BROWSER 1: Browser spawn sucessful!
2020-03-09 12:20:01,066 - MainProcess[MainThread]- TaskManager          - INFO    : 

OpenWPM Version: b'@openwpm/webext-instrumentation@0.4.0-363-g59e79a7'
Firefox Version: b'72.0.2'

========== Manager Configuration ==========
{
  "aggregator_address": [
    "127.0.0.1",
    56668
  ],
  "data_directory": "/Users/Danik/Desktop/KCL/YEAR_3/PRJ/Crawls/",
  "database_name": "/Users/Danik/Desktop/KCL/YEAR_3/PRJ/Crawls/crawl-data.sqlite",
  "failure_limit": null,
  "log_directory": "/Users/Danik/Desktop/KCL/YEAR_3/PRJ/Crawls/",
  "log_file": "/Users/Danik/Desktop/KCL/YEAR_3/PRJ/Crawls/openwpm.log",
  "logger_address": [
    "127.0.0.1",
    56667
  ],
  "num_browsers": 1,
  "output_format": "local",
  "s3_bucket": null,
  "s3_directory": null,
  "screenshot_path": "/Users/Danik/Desktop/KCL/YEAR_3/PRJ/Crawls/screenshots",
  "source_dump_path": "/Users/Danik/Desktop/KCL/YEAR_3/PRJ/Crawls/sources",
  "testing": false
}

========== Browser Configuration ==========
Keys:
{
  "crawl_id": 0,
  "adblock-plus": 1,
  "bot_mitigation": 2,
  "browser": 3,
  "callstack_instrument": 4,
  "cookie_instrument": 5,
  "disable_flash": 6,
  "disconnect": 7,
  "donottrack": 8,
  "extension_enabled": 9,
  "ghostery": 10,
  "headless": 11,
  "http_instrument": 12,
  "https-everywhere": 13,
  "js_instrument": 14,
  "js_instrument_modules": 15,
  "navigation_instrument": 16,
  "prefs": 17,
  "random_attributes": 18,
  "save_content": 19,
  "tp_cookies": 20,
  "tracking-protection": 21,
  "ublock-origin": 22
}

  0  1      2      3        4      5     6     7      8      9     10     11     12    13     14     15              16     17    18     19     20      21     22
---  -----  -----  -------  -----  ----  ----  -----  -----  ----  -----  -----  ----  -----  -----  --------------  -----  ----  -----  -----  ------  -----  -----
  1  False  False  firefox  False  True  True  False  False  True  False  False  True  False  False  fingerprinting  False  {}    False  False  always  False  False

========== Input profile tar files ==========
  No profile tar files specified

========== Output (archive) profile dirs ==========
  No profile archive directories specified


2020-03-09 12:20:01,068 - MainProcess[MainThread]- TaskManager          - DEBUG   : Checking command failure status indicator...
2020-03-09 12:20:01,177 - MainProcess[MainThread]- BrowserManager       - INFO    : BROWSER 1: EXECUTING COMMAND: ('GET', 'http://facebook.com/kotsios1926\n', 2, 1)
2020-03-09 12:20:01,284 - MainProcess[Thread-1  ]- FirefoxExtension     - DEBUG   : Visit Id: 1
2020-03-09 12:20:05,457 - MainProcess[MainThread]- BaseAggregator       - DEBUG   : Status update; current record queue size: 0. current number of threads: 5.
2020-03-09 12:20:08,682 - MainProcess[Thread-7  ]- BrowserManager       - INFO    : BROWSER 1: BrowserManager restart initiated. Clear profile? True
2020-03-09 12:20:08,683 - MainProcess[Thread-7  ]- BrowserManager       - DEBUG   : BROWSER 1: Closing browser...
2020-03-09 12:20:08,688 - MainProcess[log-interceptor-1]- selenium_firefox     - DEBUG   : BROWSER 1: driver: 1583756408688	Marionette	INFO	Stopped listening on port 56682
2020-03-09 12:20:08,906 - MainProcess[log-interceptor-1]- selenium_firefox     - DEBUG   : BROWSER 1: driver: console.error: WebExtensions:
2020-03-09 12:20:08,907 - MainProcess[log-interceptor-1]- selenium_firefox     - DEBUG   : BROWSER 1: driver: Message: [Exception... "Component returned failure code: 0x804b0010 (NS_ERROR_OFFLINE) [nsIInputStream.available]"  nsresult: "0x804b0010 (NS_ERROR_OFFLINE)"  location: "JS frame :: jar:file:///Users/Danik/Desktop/KCL/YEAR_3/PRJ/OpenWPM/automation/Extension/firefox/openwpm.xpi!/privileged/sockets/api.js :: onInputStreamReady :: line 51"  data: no]
2020-03-09 12:20:08,908 - MainProcess[log-interceptor-1]- selenium_firefox     - DEBUG   : BROWSER 1: driver: Stack:
2020-03-09 12:20:08,908 - MainProcess[log-interceptor-1]- selenium_firefox     - DEBUG   : BROWSER 1: driver: onInputStreamReady@jar:file:///Users/Danik/Desktop/KCL/YEAR_3/PRJ/OpenWPM/automation/Extension/firefox/openwpm.xpi!/privileged/sockets/api.js:51:33
2020-03-09 12:20:08,909 - MainProcess[log-interceptor-1]- selenium_firefox     - DEBUG   : BROWSER 1: driver: 
2020-03-09 12:20:10,468 - MainProcess[MainThread]- BaseAggregator       - DEBUG   : Status update; current record queue size: 0. current number of threads: 4.
2020-03-09 12:20:10,718 - MainProcess[Thread-7  ]- BrowserManager       - DEBUG   : BROWSER 1: Browser manager closed successfully.
2020-03-09 12:20:10,720 - MainProcess[Thread-7  ]- BrowserManager       - INFO    : BROWSER 1: Launching browser...
2020-03-09 12:20:10,721 - MainProcess[Thread-7  ]- BrowserManager       - DEBUG   : BROWSER 1: Spawn attempt 0 
2020-03-09 12:20:10,736 - MainProcess[Thread-7  ]- deploy_firefox       - DEBUG   : BROWSER 1: Saved extension config file to: /var/folders/qy/z4vjh7m95g10pqrb3md6gy8m0000gn/T/tmp9_ugu3kq/browser_params.json
2020-03-09 12:20:11,786 - MainProcess[log-interceptor-1]- selenium_firefox     - DEBUG   : BROWSER 1: driver: 1583756411786	mozrunner::runner	INFO	Running command: "/Users/Danik/Desktop/KCL/YEAR_3/PRJ/OpenWPM/Nightly.app/Contents/MacOS/firefox-bin" "-marionette" "-foreground" "-no-remote" "-profile" "/var/folders/qy/z4vjh7m95g10pqrb3md6gy8m0000gn/T/rust_mozprofileFCFoeO"
2020-03-09 12:20:12,459 - MainProcess[log-interceptor-1]- selenium_firefox     - DEBUG   : BROWSER 1: driver: 1583756412458	addons.webextension.doh-rollout@mozilla.org	WARN	Loading extension 'doh-rollout@mozilla.org': Reading manifest: Invalid extension permission: networkStatus
2020-03-09 12:20:12,494 - MainProcess[log-interceptor-1]- selenium_firefox     - DEBUG   : BROWSER 1: driver: 1583756412494	addons.webextension.screenshots@mozilla.org	WARN	Loading extension 'screenshots@mozilla.org': Reading manifest: Invalid extension permission: mozillaAddons
2020-03-09 12:20:12,495 - MainProcess[log-interceptor-1]- selenium_firefox     - DEBUG   : BROWSER 1: driver: 1583756412494	addons.webextension.screenshots@mozilla.org	WARN	Loading extension 'screenshots@mozilla.org': Reading manifest: Invalid extension permission: telemetry
2020-03-09 12:20:12,495 - MainProcess[log-interceptor-1]- selenium_firefox     - DEBUG   : BROWSER 1: driver: 1583756412494	addons.webextension.screenshots@mozilla.org	WARN	Loading extension 'screenshots@mozilla.org': Reading manifest: Invalid extension permission: resource://pdf.js/
2020-03-09 12:20:12,496 - MainProcess[log-interceptor-1]- selenium_firefox     - DEBUG   : BROWSER 1: driver: 1583756412494	addons.webextension.screenshots@mozilla.org	WARN	Loading extension 'screenshots@mozilla.org': Reading manifest: Invalid extension permission: about:reader*
2020-03-09 12:20:15,474 - MainProcess[MainThread]- BaseAggregator       - DEBUG   : Status update; current record queue size: 0. current number of threads: 4.
2020-03-09 12:20:15,706 - MainProcess[log-interceptor-1]- selenium_firefox     - DEBUG   : BROWSER 1: driver: 1583756415706	Marionette	INFO	Listening on port 56765
2020-03-09 12:20:15,782 - MainProcess[log-interceptor-1]- selenium_firefox     - DEBUG   : BROWSER 1: driver: 1583756415782	Marionette	WARN	TLS certificate errors will be ignored for this session
2020-03-09 12:20:15,914 - MainProcess[Thread-7  ]- deploy_firefox       - DEBUG   : BROWSER 1: OpenWPM Firefox extension loaded
2020-03-09 12:20:16,184 - MainProcess[Thread-1  ]- FirefoxExtension     - DEBUG   : Cookie instrumentation enabled
2020-03-09 12:20:16,189 - MainProcess[Thread-1  ]- FirefoxExtension     - DEBUG   : HTTP Instrumentation enabled
2020-03-09 12:20:16,202 - MainProcess[log-interceptor-1]- selenium_firefox     - DEBUG   : BROWSER 1: driver: console.log: WebExtensions: Wrote to /var/folders/qy/z4vjh7m95g10pqrb3md6gy8m0000gn/T/rust_mozprofileFCFoeO/extension_port.txt
2020-03-09 12:20:16,209 - MainProcess[Thread-7  ]- BrowserManager       - DEBUG   : BROWSER 1: Looking for extension port information in /var/folders/qy/z4vjh7m95g10pqrb3md6gy8m0000gn/T/rust_mozprofileFCFoeO/
2020-03-09 12:20:16,210 - MainProcess[Thread-7  ]- BrowserManager       - DEBUG   : BROWSER 1: Connecting to extension on port 56812
2020-03-09 12:20:16,211 - MainProcess[Thread-7  ]- BrowserManager       - DEBUG   : BROWSER 1: BrowserManager ready.
2020-03-09 12:20:16,212 - MainProcess[Thread-7  ]- BrowserManager       - DEBUG   : BROWSER 1: Browser spawn sucessful!
2020-03-09 12:20:16,288 - MainProcess[MainThread]- TaskManager          - DEBUG   : Checking command failure status indicator...
2020-03-09 12:20:16,394 - MainProcess[MainThread]- BrowserManager       - DEBUG   : BROWSER 1: Closing browser manager...
2020-03-09 12:20:16,395 - MainProcess[MainThread]- BrowserManager       - DEBUG   : BROWSER 1: Closing browser...
2020-03-09 12:20:16,395 - MainProcess[MainThread]- BrowserManager       - DEBUG   : BROWSER 1: Joining command thread
2020-03-09 12:20:16,397 - MainProcess[Thread-7  ]- BrowserManager       - INFO    : BROWSER 1: EXECUTING COMMAND: ('GET', 'http://kcl.ac.uk/people/luc-moreau', 2, 2)
2020-03-09 12:20:16,526 - MainProcess[Thread-1  ]- FirefoxExtension     - DEBUG   : Visit Id: 2
2020-03-09 12:20:17,131 - MainProcess[log-interceptor-1]- selenium_firefox     - DEBUG   : BROWSER 1: driver: JavaScript warning: https://www.kcl.ac.uk/WebResource.axd?d=PjUm9HYMtFaBv1w8LgD13UIzsrcgJRMlHl1KVAzF2AgEiZAQn_RB8q1D-OpipawIamHu-r6UwDtePXpIVa2V6pnJ_gcL_OhkiR9WkXq50FLfVzbD0&t=637171846695351700&build=1201104, line 2: Using //@ to indicate sourceMappingURL pragmas is deprecated. Use //# instead
2020-03-09 12:20:20,531 - MainProcess[MainThread]- BaseAggregator       - DEBUG   : Status update; current record queue size: 5. current number of threads: 5.
2020-03-09 12:20:22,273 - MainProcess[MainThread]- BrowserManager       - DEBUG   : BROWSER 1: 5.876229 seconds to join command thread
2020-03-09 12:20:22,279 - MainProcess[log-interceptor-1]- selenium_firefox     - DEBUG   : BROWSER 1: driver: 1583756422277	Marionette	INFO	Stopped listening on port 56765
2020-03-09 12:20:22,552 - MainProcess[log-interceptor-1]- selenium_firefox     - DEBUG   : BROWSER 1: driver: console.error: WebExtensions:
2020-03-09 12:20:22,553 - MainProcess[log-interceptor-1]- selenium_firefox     - DEBUG   : BROWSER 1: driver: Message: [Exception... "Component returned failure code: 0x804b0010 (NS_ERROR_OFFLINE) [nsIInputStream.available]"  nsresult: "0x804b0010 (NS_ERROR_OFFLINE)"  location: "JS frame :: jar:file:///Users/Danik/Desktop/KCL/YEAR_3/PRJ/OpenWPM/automation/Extension/firefox/openwpm.xpi!/privileged/sockets/api.js :: onInputStreamReady :: line 51"  data: no]
2020-03-09 12:20:22,553 - MainProcess[log-interceptor-1]- selenium_firefox     - DEBUG   : BROWSER 1: driver: Stack:
2020-03-09 12:20:22,554 - MainProcess[log-interceptor-1]- selenium_firefox     - DEBUG   : BROWSER 1: driver: onInputStreamReady@jar:file:///Users/Danik/Desktop/KCL/YEAR_3/PRJ/OpenWPM/automation/Extension/firefox/openwpm.xpi!/privileged/sockets/api.js:51:33
2020-03-09 12:20:22,554 - MainProcess[log-interceptor-1]- selenium_firefox     - DEBUG   : BROWSER 1: driver: 
2020-03-09 12:20:24,252 - MainProcess[MainThread]- BrowserManager       - DEBUG   : BROWSER 1: Browser manager closed successfully.
2020-03-09 12:20:24,258 - MainProcess[MainThread]- BaseAggregator       - DEBUG   : Sending the shutdown signal to the LocalAggregator listener process...
2020-03-09 12:20:24,538 - MainProcess[MainThread]- BaseAggregator       - INFO    : Received shutdown signal!
2020-03-09 12:20:27,545 - MainProcess[MainThread]- BaseAggregator       - DEBUG   : LocalAggregator took 3.2857887744903564 seconds to close.
2020-03-09 14:55:32,074 - MainProcess[MainThread]- BrowserManager       - INFO    : BROWSER 1: Launching browser...
2020-03-09 14:55:32,080 - MainProcess[MainThread]- BrowserManager       - DEBUG   : BROWSER 1: Spawn attempt 0 
2020-03-09 14:55:32,094 - MainProcess[MainThread]- deploy_firefox       - DEBUG   : BROWSER 1: Saved extension config file to: /var/folders/qy/z4vjh7m95g10pqrb3md6gy8m0000gn/T/tmpll9gub65/browser_params.json
2020-03-09 14:55:33,158 - MainProcess[log-interceptor-1]- selenium_firefox     - DEBUG   : BROWSER 1: driver: 1583765733157	mozrunner::runner	INFO	Running command: "/Users/Danik/Desktop/KCL/YEAR_3/PRJ/OpenWPM/Nightly.app/Contents/MacOS/firefox-bin" "-marionette" "-foreground" "-no-remote" "-profile" "/var/folders/qy/z4vjh7m95g10pqrb3md6gy8m0000gn/T/rust_mozprofile0Z5HQK"
2020-03-09 14:55:33,952 - MainProcess[log-interceptor-1]- selenium_firefox     - DEBUG   : BROWSER 1: driver: 1583765733951	addons.webextension.doh-rollout@mozilla.org	WARN	Loading extension 'doh-rollout@mozilla.org': Reading manifest: Invalid extension permission: networkStatus
2020-03-09 14:55:33,999 - MainProcess[log-interceptor-1]- selenium_firefox     - DEBUG   : BROWSER 1: driver: 1583765733998	addons.webextension.screenshots@mozilla.org	WARN	Loading extension 'screenshots@mozilla.org': Reading manifest: Invalid extension permission: mozillaAddons
2020-03-09 14:55:33,999 - MainProcess[log-interceptor-1]- selenium_firefox     - DEBUG   : BROWSER 1: driver: 1583765733998	addons.webextension.screenshots@mozilla.org	WARN	Loading extension 'screenshots@mozilla.org': Reading manifest: Invalid extension permission: telemetry
2020-03-09 14:55:34,000 - MainProcess[log-interceptor-1]- selenium_firefox     - DEBUG   : BROWSER 1: driver: 1583765733999	addons.webextension.screenshots@mozilla.org	WARN	Loading extension 'screenshots@mozilla.org': Reading manifest: Invalid extension permission: resource://pdf.js/
2020-03-09 14:55:34,000 - MainProcess[log-interceptor-1]- selenium_firefox     - DEBUG   : BROWSER 1: driver: 1583765733999	addons.webextension.screenshots@mozilla.org	WARN	Loading extension 'screenshots@mozilla.org': Reading manifest: Invalid extension permission: about:reader*
2020-03-09 14:55:37,078 - MainProcess[MainThread]- BaseAggregator       - DEBUG   : Status update; current record queue size: 0. current number of threads: 4.
2020-03-09 14:55:37,178 - MainProcess[log-interceptor-1]- selenium_firefox     - DEBUG   : BROWSER 1: driver: 1583765737178	Marionette	INFO	Listening on port 57747
2020-03-09 14:55:37,248 - MainProcess[log-interceptor-1]- selenium_firefox     - DEBUG   : BROWSER 1: driver: 1583765737248	Marionette	WARN	TLS certificate errors will be ignored for this session
2020-03-09 14:55:37,382 - MainProcess[MainThread]- deploy_firefox       - DEBUG   : BROWSER 1: OpenWPM Firefox extension loaded
2020-03-09 14:55:37,668 - MainProcess[Thread-1  ]- FirefoxExtension     - DEBUG   : Cookie instrumentation enabled
2020-03-09 14:55:37,675 - MainProcess[Thread-1  ]- FirefoxExtension     - DEBUG   : HTTP Instrumentation enabled
2020-03-09 14:55:37,681 - MainProcess[MainThread]- BrowserManager       - DEBUG   : BROWSER 1: Looking for extension port information in /var/folders/qy/z4vjh7m95g10pqrb3md6gy8m0000gn/T/rust_mozprofile0Z5HQK/
2020-03-09 14:55:37,683 - MainProcess[MainThread]- BrowserManager       - DEBUG   : BROWSER 1: Connecting to extension on port 57794
2020-03-09 14:55:37,684 - MainProcess[log-interceptor-1]- selenium_firefox     - DEBUG   : BROWSER 1: driver: console.log: WebExtensions: Wrote to /var/folders/qy/z4vjh7m95g10pqrb3md6gy8m0000gn/T/rust_mozprofile0Z5HQK/extension_port.txt
2020-03-09 14:55:37,685 - MainProcess[MainThread]- BrowserManager       - DEBUG   : BROWSER 1: BrowserManager ready.
2020-03-09 14:55:37,686 - MainProcess[MainThread]- BrowserManager       - DEBUG   : BROWSER 1: Browser spawn sucessful!
2020-03-09 14:55:37,914 - MainProcess[MainThread]- TaskManager          - INFO    : 

OpenWPM Version: b'@openwpm/webext-instrumentation@0.4.0-363-g59e79a7'
Firefox Version: b'72.0.2'

========== Manager Configuration ==========
{
  "aggregator_address": [
    "127.0.0.1",
    57733
  ],
  "data_directory": "/Users/Danik/Desktop/KCL/YEAR_3/PRJ/Crawls/",
  "database_name": "/Users/Danik/Desktop/KCL/YEAR_3/PRJ/Crawls/crawl-data.sqlite",
  "failure_limit": null,
  "log_directory": "/Users/Danik/Desktop/KCL/YEAR_3/PRJ/Crawls/",
  "log_file": "/Users/Danik/Desktop/KCL/YEAR_3/PRJ/Crawls/openwpm.log",
  "logger_address": [
    "127.0.0.1",
    57732
  ],
  "num_browsers": 1,
  "output_format": "local",
  "s3_bucket": null,
  "s3_directory": null,
  "screenshot_path": "/Users/Danik/Desktop/KCL/YEAR_3/PRJ/Crawls/screenshots",
  "source_dump_path": "/Users/Danik/Desktop/KCL/YEAR_3/PRJ/Crawls/sources",
  "testing": false
}

========== Browser Configuration ==========
Keys:
{
  "crawl_id": 0,
  "adblock-plus": 1,
  "bot_mitigation": 2,
  "browser": 3,
  "callstack_instrument": 4,
  "cookie_instrument": 5,
  "disable_flash": 6,
  "disconnect": 7,
  "donottrack": 8,
  "extension_enabled": 9,
  "ghostery": 10,
  "headless": 11,
  "http_instrument": 12,
  "https-everywhere": 13,
  "js_instrument": 14,
  "js_instrument_modules": 15,
  "navigation_instrument": 16,
  "prefs": 17,
  "random_attributes": 18,
  "save_content": 19,
  "tp_cookies": 20,
  "tracking-protection": 21,
  "ublock-origin": 22
}

  0  1      2      3        4      5     6     7      8      9     10     11     12    13     14     15              16     17    18     19     20      21     22
---  -----  -----  -------  -----  ----  ----  -----  -----  ----  -----  -----  ----  -----  -----  --------------  -----  ----  -----  -----  ------  -----  -----
  1  False  False  firefox  False  True  True  False  False  True  False  False  True  False  False  fingerprinting  False  {}    False  False  always  False  False

========== Input profile tar files ==========
  No profile tar files specified

========== Output (archive) profile dirs ==========
  No profile archive directories specified


2020-03-09 14:55:37,917 - MainProcess[MainThread]- TaskManager          - DEBUG   : Checking command failure status indicator...
2020-03-09 14:55:38,029 - MainProcess[MainThread]- BrowserManager       - INFO    : BROWSER 1: EXECUTING COMMAND: ('GET', 'http://facebook.com/kotsios1926\n', 2, 1)
2020-03-09 14:55:38,135 - MainProcess[Thread-1  ]- FirefoxExtension     - DEBUG   : Visit Id: 1
2020-03-09 14:55:42,121 - MainProcess[MainThread]- BaseAggregator       - DEBUG   : Status update; current record queue size: 0. current number of threads: 5.
2020-03-09 14:55:45,149 - MainProcess[Thread-7  ]- BrowserManager       - INFO    : BROWSER 1: BrowserManager restart initiated. Clear profile? True
2020-03-09 14:55:45,149 - MainProcess[Thread-7  ]- BrowserManager       - DEBUG   : BROWSER 1: Closing browser...
2020-03-09 14:55:45,155 - MainProcess[log-interceptor-1]- selenium_firefox     - DEBUG   : BROWSER 1: driver: 1583765745155	Marionette	INFO	Stopped listening on port 57747
2020-03-09 14:55:45,356 - MainProcess[log-interceptor-1]- selenium_firefox     - DEBUG   : BROWSER 1: driver: console.error: WebExtensions:
2020-03-09 14:55:45,359 - MainProcess[log-interceptor-1]- selenium_firefox     - DEBUG   : BROWSER 1: driver: Message: [Exception... "Component returned failure code: 0x804b0010 (NS_ERROR_OFFLINE) [nsIInputStream.available]"  nsresult: "0x804b0010 (NS_ERROR_OFFLINE)"  location: "JS frame :: jar:file:///Users/Danik/Desktop/KCL/YEAR_3/PRJ/OpenWPM/automation/Extension/firefox/openwpm.xpi!/privileged/sockets/api.js :: onInputStreamReady :: line 51"  data: no]
2020-03-09 14:55:45,360 - MainProcess[log-interceptor-1]- selenium_firefox     - DEBUG   : BROWSER 1: driver: Stack:
2020-03-09 14:55:45,361 - MainProcess[log-interceptor-1]- selenium_firefox     - DEBUG   : BROWSER 1: driver: onInputStreamReady@jar:file:///Users/Danik/Desktop/KCL/YEAR_3/PRJ/OpenWPM/automation/Extension/firefox/openwpm.xpi!/privileged/sockets/api.js:51:33
2020-03-09 14:55:45,362 - MainProcess[log-interceptor-1]- selenium_firefox     - DEBUG   : BROWSER 1: driver: 
2020-03-09 14:55:46,048 - MainProcess[Thread-7  ]- BrowserManager       - DEBUG   : BROWSER 1: Browser manager closed successfully.
2020-03-09 14:55:46,049 - MainProcess[Thread-7  ]- BrowserManager       - INFO    : BROWSER 1: Launching browser...
2020-03-09 14:55:46,050 - MainProcess[Thread-7  ]- BrowserManager       - DEBUG   : BROWSER 1: Spawn attempt 0 
2020-03-09 14:55:46,069 - MainProcess[Thread-7  ]- deploy_firefox       - DEBUG   : BROWSER 1: Saved extension config file to: /var/folders/qy/z4vjh7m95g10pqrb3md6gy8m0000gn/T/tmpyt9_g7zm/browser_params.json
2020-03-09 14:55:47,123 - MainProcess[log-interceptor-1]- selenium_firefox     - DEBUG   : BROWSER 1: driver: 1583765747123	mozrunner::runner	INFO	Running command: "/Users/Danik/Desktop/KCL/YEAR_3/PRJ/OpenWPM/Nightly.app/Contents/MacOS/firefox-bin" "-marionette" "-foreground" "-no-remote" "-profile" "/var/folders/qy/z4vjh7m95g10pqrb3md6gy8m0000gn/T/rust_mozprofileRRxtN7"
2020-03-09 14:55:47,129 - MainProcess[MainThread]- BaseAggregator       - DEBUG   : Status update; current record queue size: 0. current number of threads: 4.
2020-03-09 14:55:47,808 - MainProcess[log-interceptor-1]- selenium_firefox     - DEBUG   : BROWSER 1: driver: 1583765747807	addons.webextension.doh-rollout@mozilla.org	WARN	Loading extension 'doh-rollout@mozilla.org': Reading manifest: Invalid extension permission: networkStatus
2020-03-09 14:55:47,845 - MainProcess[log-interceptor-1]- selenium_firefox     - DEBUG   : BROWSER 1: driver: 1583765747844	addons.webextension.screenshots@mozilla.org	WARN	Loading extension 'screenshots@mozilla.org': Reading manifest: Invalid extension permission: mozillaAddons
2020-03-09 14:55:47,845 - MainProcess[log-interceptor-1]- selenium_firefox     - DEBUG   : BROWSER 1: driver: 1583765747845	addons.webextension.screenshots@mozilla.org	WARN	Loading extension 'screenshots@mozilla.org': Reading manifest: Invalid extension permission: telemetry
2020-03-09 14:55:47,846 - MainProcess[log-interceptor-1]- selenium_firefox     - DEBUG   : BROWSER 1: driver: 1583765747845	addons.webextension.screenshots@mozilla.org	WARN	Loading extension 'screenshots@mozilla.org': Reading manifest: Invalid extension permission: resource://pdf.js/
2020-03-09 14:55:47,846 - MainProcess[log-interceptor-1]- selenium_firefox     - DEBUG   : BROWSER 1: driver: 1583765747845	addons.webextension.screenshots@mozilla.org	WARN	Loading extension 'screenshots@mozilla.org': Reading manifest: Invalid extension permission: about:reader*
2020-03-09 14:55:50,642 - MainProcess[log-interceptor-1]- selenium_firefox     - DEBUG   : BROWSER 1: driver: 1583765750640	Marionette	INFO	Listening on port 57821
2020-03-09 14:55:50,715 - MainProcess[log-interceptor-1]- selenium_firefox     - DEBUG   : BROWSER 1: driver: 1583765750714	Marionette	WARN	TLS certificate errors will be ignored for this session
2020-03-09 14:55:50,824 - MainProcess[Thread-7  ]- deploy_firefox       - DEBUG   : BROWSER 1: OpenWPM Firefox extension loaded
2020-03-09 14:55:51,102 - MainProcess[Thread-1  ]- FirefoxExtension     - DEBUG   : Cookie instrumentation enabled
2020-03-09 14:55:51,106 - MainProcess[Thread-1  ]- FirefoxExtension     - DEBUG   : HTTP Instrumentation enabled
2020-03-09 14:55:51,121 - MainProcess[log-interceptor-1]- selenium_firefox     - DEBUG   : BROWSER 1: driver: console.log: WebExtensions: Wrote to /var/folders/qy/z4vjh7m95g10pqrb3md6gy8m0000gn/T/rust_mozprofileRRxtN7/extension_port.txt
2020-03-09 14:55:51,124 - MainProcess[Thread-7  ]- BrowserManager       - DEBUG   : BROWSER 1: Looking for extension port information in /var/folders/qy/z4vjh7m95g10pqrb3md6gy8m0000gn/T/rust_mozprofileRRxtN7/
2020-03-09 14:55:51,125 - MainProcess[Thread-7  ]- BrowserManager       - DEBUG   : BROWSER 1: Connecting to extension on port 57863
2020-03-09 14:55:51,132 - MainProcess[Thread-7  ]- BrowserManager       - DEBUG   : BROWSER 1: BrowserManager ready.
2020-03-09 14:55:51,137 - MainProcess[Thread-7  ]- BrowserManager       - DEBUG   : BROWSER 1: Browser spawn sucessful!
2020-03-09 14:55:51,240 - MainProcess[MainThread]- TaskManager          - DEBUG   : Checking command failure status indicator...
2020-03-09 14:55:51,344 - MainProcess[Thread-7  ]- BrowserManager       - INFO    : BROWSER 1: EXECUTING COMMAND: ('GET', 'http://kcl.ac.uk/people/luc-moreau\n', 2, 2)
2020-03-09 14:55:51,430 - MainProcess[Thread-1  ]- FirefoxExtension     - DEBUG   : Visit Id: 2
2020-03-09 14:55:52,139 - MainProcess[MainThread]- BaseAggregator       - DEBUG   : Status update; current record queue size: 6. current number of threads: 5.
2020-03-09 14:55:53,008 - MainProcess[log-interceptor-1]- selenium_firefox     - DEBUG   : BROWSER 1: driver: JavaScript warning: https://www.kcl.ac.uk/WebResource.axd?d=PjUm9HYMtFaBv1w8LgD13UIzsrcgJRMlHl1KVAzF2AgEiZAQn_RB8q1D-OpipawIamHu-r6UwDtePXpIVa2V6pnJ_gcL_OhkiR9WkXq50FLfVzbD0&t=637171862310996742&build=1201104, line 2: Using //@ to indicate sourceMappingURL pragmas is deprecated. Use //# instead
2020-03-09 14:55:57,171 - MainProcess[MainThread]- BaseAggregator       - DEBUG   : Status update; current record queue size: 1. current number of threads: 5.
2020-03-09 14:55:58,488 - MainProcess[Thread-9  ]- BrowserManager       - INFO    : BROWSER 1: BrowserManager restart initiated. Clear profile? True
2020-03-09 14:55:58,488 - MainProcess[Thread-9  ]- BrowserManager       - DEBUG   : BROWSER 1: Closing browser...
2020-03-09 14:55:58,495 - MainProcess[log-interceptor-1]- selenium_firefox     - DEBUG   : BROWSER 1: driver: 1583765758494	Marionette	INFO	Stopped listening on port 57821
2020-03-09 14:55:58,751 - MainProcess[log-interceptor-1]- selenium_firefox     - DEBUG   : BROWSER 1: driver: console.error: WebExtensions:
2020-03-09 14:55:58,752 - MainProcess[log-interceptor-1]- selenium_firefox     - DEBUG   : BROWSER 1: driver: Message: [Exception... "Component returned failure code: 0x804b0010 (NS_ERROR_OFFLINE) [nsIInputStream.available]"  nsresult: "0x804b0010 (NS_ERROR_OFFLINE)"  location: "JS frame :: jar:file:///Users/Danik/Desktop/KCL/YEAR_3/PRJ/OpenWPM/automation/Extension/firefox/openwpm.xpi!/privileged/sockets/api.js :: onInputStreamReady :: line 51"  data: no]
2020-03-09 14:55:58,753 - MainProcess[log-interceptor-1]- selenium_firefox     - DEBUG   : BROWSER 1: driver: Stack:
2020-03-09 14:55:58,753 - MainProcess[log-interceptor-1]- selenium_firefox     - DEBUG   : BROWSER 1: driver: onInputStreamReady@jar:file:///Users/Danik/Desktop/KCL/YEAR_3/PRJ/OpenWPM/automation/Extension/firefox/openwpm.xpi!/privileged/sockets/api.js:51:33
2020-03-09 14:55:58,754 - MainProcess[log-interceptor-1]- selenium_firefox     - DEBUG   : BROWSER 1: driver: 
2020-03-09 14:56:00,408 - MainProcess[Thread-9  ]- BrowserManager       - DEBUG   : BROWSER 1: Browser manager closed successfully.
2020-03-09 14:56:00,409 - MainProcess[Thread-9  ]- BrowserManager       - INFO    : BROWSER 1: Launching browser...
2020-03-09 14:56:00,409 - MainProcess[Thread-9  ]- BrowserManager       - DEBUG   : BROWSER 1: Spawn attempt 0 
2020-03-09 14:56:00,424 - MainProcess[Thread-9  ]- deploy_firefox       - DEBUG   : BROWSER 1: Saved extension config file to: /var/folders/qy/z4vjh7m95g10pqrb3md6gy8m0000gn/T/tmp0ldo08mf/browser_params.json
2020-03-09 14:56:01,486 - MainProcess[log-interceptor-1]- selenium_firefox     - DEBUG   : BROWSER 1: driver: 1583765761486	mozrunner::runner	INFO	Running command: "/Users/Danik/Desktop/KCL/YEAR_3/PRJ/OpenWPM/Nightly.app/Contents/MacOS/firefox-bin" "-marionette" "-foreground" "-no-remote" "-profile" "/var/folders/qy/z4vjh7m95g10pqrb3md6gy8m0000gn/T/rust_mozprofile5HTkg7"
2020-03-09 14:56:02,177 - MainProcess[MainThread]- BaseAggregator       - DEBUG   : Status update; current record queue size: 0. current number of threads: 4.
2020-03-09 14:56:02,303 - MainProcess[log-interceptor-1]- selenium_firefox     - DEBUG   : BROWSER 1: driver: 1583765762303	addons.webextension.doh-rollout@mozilla.org	WARN	Loading extension 'doh-rollout@mozilla.org': Reading manifest: Invalid extension permission: networkStatus
2020-03-09 14:56:02,382 - MainProcess[log-interceptor-1]- selenium_firefox     - DEBUG   : BROWSER 1: driver: 1583765762381	addons.webextension.screenshots@mozilla.org	WARN	Loading extension 'screenshots@mozilla.org': Reading manifest: Invalid extension permission: mozillaAddons
2020-03-09 14:56:02,382 - MainProcess[log-interceptor-1]- selenium_firefox     - DEBUG   : BROWSER 1: driver: 1583765762382	addons.webextension.screenshots@mozilla.org	WARN	Loading extension 'screenshots@mozilla.org': Reading manifest: Invalid extension permission: telemetry
2020-03-09 14:56:02,383 - MainProcess[log-interceptor-1]- selenium_firefox     - DEBUG   : BROWSER 1: driver: 1583765762382	addons.webextension.screenshots@mozilla.org	WARN	Loading extension 'screenshots@mozilla.org': Reading manifest: Invalid extension permission: resource://pdf.js/
2020-03-09 14:56:02,384 - MainProcess[log-interceptor-1]- selenium_firefox     - DEBUG   : BROWSER 1: driver: 1583765762382	addons.webextension.screenshots@mozilla.org	WARN	Loading extension 'screenshots@mozilla.org': Reading manifest: Invalid extension permission: about:reader*
2020-03-09 14:56:06,639 - MainProcess[log-interceptor-1]- selenium_firefox     - DEBUG   : BROWSER 1: driver: 1583765766639	Marionette	INFO	Listening on port 57924
2020-03-09 14:56:06,681 - MainProcess[log-interceptor-1]- selenium_firefox     - DEBUG   : BROWSER 1: driver: 1583765766681	Marionette	WARN	TLS certificate errors will be ignored for this session
2020-03-09 14:56:06,812 - MainProcess[Thread-9  ]- deploy_firefox       - DEBUG   : BROWSER 1: OpenWPM Firefox extension loaded
2020-03-09 14:56:06,824 - MainProcess[Thread-1  ]- FirefoxExtension     - DEBUG   : Cookie instrumentation enabled
2020-03-09 14:56:06,830 - MainProcess[Thread-1  ]- FirefoxExtension     - DEBUG   : HTTP Instrumentation enabled
2020-03-09 14:56:07,102 - MainProcess[log-interceptor-1]- selenium_firefox     - DEBUG   : BROWSER 1: driver: console.log: WebExtensions: Wrote to /var/folders/qy/z4vjh7m95g10pqrb3md6gy8m0000gn/T/rust_mozprofile5HTkg7/extension_port.txt
2020-03-09 14:56:07,114 - MainProcess[Thread-9  ]- BrowserManager       - DEBUG   : BROWSER 1: Looking for extension port information in /var/folders/qy/z4vjh7m95g10pqrb3md6gy8m0000gn/T/rust_mozprofile5HTkg7/
2020-03-09 14:56:07,117 - MainProcess[Thread-9  ]- BrowserManager       - DEBUG   : BROWSER 1: Connecting to extension on port 57982
2020-03-09 14:56:07,119 - MainProcess[Thread-9  ]- BrowserManager       - DEBUG   : BROWSER 1: BrowserManager ready.
2020-03-09 14:56:07,125 - MainProcess[Thread-9  ]- BrowserManager       - DEBUG   : BROWSER 1: Browser spawn sucessful!
2020-03-09 14:56:07,182 - MainProcess[MainThread]- BaseAggregator       - DEBUG   : Status update; current record queue size: 0. current number of threads: 5.
2020-03-09 14:56:07,188 - MainProcess[MainThread]- TaskManager          - DEBUG   : Checking command failure status indicator...
2020-03-09 14:56:07,295 - MainProcess[Thread-9  ]- BrowserManager       - INFO    : BROWSER 1: EXECUTING COMMAND: ('GET', 'http://twitter.com/xQc\n', 2, 3)
2020-03-09 14:56:07,368 - MainProcess[Thread-1  ]- FirefoxExtension     - DEBUG   : Visit Id: 3
2020-03-09 14:56:12,218 - MainProcess[MainThread]- BaseAggregator       - DEBUG   : Status update; current record queue size: 61. current number of threads: 5.
2020-03-09 14:56:12,746 - MainProcess[Thread-11 ]- BrowserManager       - INFO    : BROWSER 1: BrowserManager restart initiated. Clear profile? True
2020-03-09 14:56:12,747 - MainProcess[Thread-11 ]- BrowserManager       - DEBUG   : BROWSER 1: Closing browser...
2020-03-09 14:56:12,760 - MainProcess[log-interceptor-1]- selenium_firefox     - DEBUG   : BROWSER 1: driver: 1583765772760	Marionette	INFO	Stopped listening on port 57924
2020-03-09 14:56:13,061 - MainProcess[log-interceptor-1]- selenium_firefox     - DEBUG   : BROWSER 1: driver: console.error: WebExtensions:
2020-03-09 14:56:13,062 - MainProcess[log-interceptor-1]- selenium_firefox     - DEBUG   : BROWSER 1: driver: Message: [Exception... "Component returned failure code: 0x804b0010 (NS_ERROR_OFFLINE) [nsIInputStream.available]"  nsresult: "0x804b0010 (NS_ERROR_OFFLINE)"  location: "JS frame :: jar:file:///Users/Danik/Desktop/KCL/YEAR_3/PRJ/OpenWPM/automation/Extension/firefox/openwpm.xpi!/privileged/sockets/api.js :: onInputStreamReady :: line 51"  data: no]
2020-03-09 14:56:13,062 - MainProcess[log-interceptor-1]- selenium_firefox     - DEBUG   : BROWSER 1: driver: Stack:
2020-03-09 14:56:13,063 - MainProcess[log-interceptor-1]- selenium_firefox     - DEBUG   : BROWSER 1: driver: onInputStreamReady@jar:file:///Users/Danik/Desktop/KCL/YEAR_3/PRJ/OpenWPM/automation/Extension/firefox/openwpm.xpi!/privileged/sockets/api.js:51:33
2020-03-09 14:56:13,064 - MainProcess[log-interceptor-1]- selenium_firefox     - DEBUG   : BROWSER 1: driver: 
2020-03-09 14:56:16,791 - MainProcess[Thread-11 ]- BrowserManager       - DEBUG   : BROWSER 1: Browser manager closed successfully.
2020-03-09 14:56:16,792 - MainProcess[Thread-11 ]- BrowserManager       - INFO    : BROWSER 1: Launching browser...
2020-03-09 14:56:16,793 - MainProcess[Thread-11 ]- BrowserManager       - DEBUG   : BROWSER 1: Spawn attempt 0 
2020-03-09 14:56:16,810 - MainProcess[Thread-11 ]- deploy_firefox       - DEBUG   : BROWSER 1: Saved extension config file to: /var/folders/qy/z4vjh7m95g10pqrb3md6gy8m0000gn/T/tmpbwarlqpd/browser_params.json
2020-03-09 14:56:17,237 - MainProcess[MainThread]- BaseAggregator       - DEBUG   : Status update; current record queue size: 0. current number of threads: 4.
2020-03-09 14:56:17,857 - MainProcess[log-interceptor-1]- selenium_firefox     - DEBUG   : BROWSER 1: driver: 1583765777857	mozrunner::runner	INFO	Running command: "/Users/Danik/Desktop/KCL/YEAR_3/PRJ/OpenWPM/Nightly.app/Contents/MacOS/firefox-bin" "-marionette" "-foreground" "-no-remote" "-profile" "/var/folders/qy/z4vjh7m95g10pqrb3md6gy8m0000gn/T/rust_mozprofilecXRNj4"
2020-03-09 14:56:18,652 - MainProcess[log-interceptor-1]- selenium_firefox     - DEBUG   : BROWSER 1: driver: 1583765778652	addons.webextension.doh-rollout@mozilla.org	WARN	Loading extension 'doh-rollout@mozilla.org': Reading manifest: Invalid extension permission: networkStatus
2020-03-09 14:56:18,706 - MainProcess[log-interceptor-1]- selenium_firefox     - DEBUG   : BROWSER 1: driver: 1583765778706	addons.webextension.screenshots@mozilla.org	WARN	Loading extension 'screenshots@mozilla.org': Reading manifest: Invalid extension permission: mozillaAddons
2020-03-09 14:56:18,707 - MainProcess[log-interceptor-1]- selenium_firefox     - DEBUG   : BROWSER 1: driver: 1583765778706	addons.webextension.screenshots@mozilla.org	WARN	Loading extension 'screenshots@mozilla.org': Reading manifest: Invalid extension permission: telemetry
2020-03-09 14:56:18,708 - MainProcess[log-interceptor-1]- selenium_firefox     - DEBUG   : BROWSER 1: driver: 1583765778706	addons.webextension.screenshots@mozilla.org	WARN	Loading extension 'screenshots@mozilla.org': Reading manifest: Invalid extension permission: resource://pdf.js/
2020-03-09 14:56:18,710 - MainProcess[log-interceptor-1]- selenium_firefox     - DEBUG   : BROWSER 1: driver: 1583765778706	addons.webextension.screenshots@mozilla.org	WARN	Loading extension 'screenshots@mozilla.org': Reading manifest: Invalid extension permission: about:reader*
2020-03-09 14:56:21,345 - MainProcess[log-interceptor-1]- selenium_firefox     - DEBUG   : BROWSER 1: driver: 1583765781345	Marionette	INFO	Listening on port 58015
2020-03-09 14:56:21,389 - MainProcess[log-interceptor-1]- selenium_firefox     - DEBUG   : BROWSER 1: driver: 1583765781389	Marionette	WARN	TLS certificate errors will be ignored for this session
2020-03-09 14:56:21,548 - MainProcess[Thread-11 ]- deploy_firefox       - DEBUG   : BROWSER 1: OpenWPM Firefox extension loaded
2020-03-09 14:56:21,571 - MainProcess[Thread-1  ]- FirefoxExtension     - DEBUG   : Cookie instrumentation enabled
2020-03-09 14:56:21,573 - MainProcess[Thread-1  ]- FirefoxExtension     - DEBUG   : HTTP Instrumentation enabled
2020-03-09 14:56:21,868 - MainProcess[log-interceptor-1]- selenium_firefox     - DEBUG   : BROWSER 1: driver: console.log: WebExtensions: Wrote to /var/folders/qy/z4vjh7m95g10pqrb3md6gy8m0000gn/T/rust_mozprofilecXRNj4/extension_port.txt
2020-03-09 14:56:21,889 - MainProcess[Thread-11 ]- BrowserManager       - DEBUG   : BROWSER 1: Looking for extension port information in /var/folders/qy/z4vjh7m95g10pqrb3md6gy8m0000gn/T/rust_mozprofilecXRNj4/
2020-03-09 14:56:21,890 - MainProcess[Thread-11 ]- BrowserManager       - DEBUG   : BROWSER 1: Connecting to extension on port 58058
2020-03-09 14:56:21,890 - MainProcess[Thread-11 ]- BrowserManager       - DEBUG   : BROWSER 1: BrowserManager ready.
2020-03-09 14:56:21,891 - MainProcess[Thread-11 ]- BrowserManager       - DEBUG   : BROWSER 1: Browser spawn sucessful!
2020-03-09 14:56:21,937 - MainProcess[MainThread]- TaskManager          - DEBUG   : Checking command failure status indicator...
2020-03-09 14:56:22,042 - MainProcess[MainThread]- BrowserManager       - DEBUG   : BROWSER 1: Closing browser manager...
2020-03-09 14:56:22,043 - MainProcess[MainThread]- BrowserManager       - DEBUG   : BROWSER 1: Closing browser...
2020-03-09 14:56:22,044 - MainProcess[MainThread]- BrowserManager       - DEBUG   : BROWSER 1: Joining command thread
2020-03-09 14:56:22,046 - MainProcess[Thread-11 ]- BrowserManager       - INFO    : BROWSER 1: EXECUTING COMMAND: ('GET', 'http://thesaurus.com', 2, 4)
2020-03-09 14:56:22,144 - MainProcess[Thread-1  ]- FirefoxExtension     - DEBUG   : Visit Id: 4
2020-03-09 14:56:22,247 - MainProcess[MainThread]- BaseAggregator       - DEBUG   : Status update; current record queue size: 8. current number of threads: 5.
2020-03-09 14:56:27,314 - MainProcess[MainThread]- BaseAggregator       - DEBUG   : Status update; current record queue size: 66. current number of threads: 5.
2020-03-09 14:56:28,522 - MainProcess[MainThread]- BrowserManager       - DEBUG   : BROWSER 1: 6.475580 seconds to join command thread
2020-03-09 14:56:28,570 - MainProcess[log-interceptor-1]- selenium_firefox     - DEBUG   : BROWSER 1: driver: 1583765788569	Marionette	INFO	Stopped listening on port 58015
2020-03-09 14:56:29,240 - MainProcess[log-interceptor-1]- selenium_firefox     - DEBUG   : BROWSER 1: driver: console.error: WebExtensions:
2020-03-09 14:56:29,240 - MainProcess[log-interceptor-1]- selenium_firefox     - DEBUG   : BROWSER 1: driver: Message: [Exception... "Component returned failure code: 0x804b0010 (NS_ERROR_OFFLINE) [nsIInputStream.available]"  nsresult: "0x804b0010 (NS_ERROR_OFFLINE)"  location: "JS frame :: jar:file:///Users/Danik/Desktop/KCL/YEAR_3/PRJ/OpenWPM/automation/Extension/firefox/openwpm.xpi!/privileged/sockets/api.js :: onInputStreamReady :: line 51"  data: no]
2020-03-09 14:56:29,241 - MainProcess[log-interceptor-1]- selenium_firefox     - DEBUG   : BROWSER 1: driver: Stack:
2020-03-09 14:56:29,242 - MainProcess[log-interceptor-1]- selenium_firefox     - DEBUG   : BROWSER 1: driver: onInputStreamReady@jar:file:///Users/Danik/Desktop/KCL/YEAR_3/PRJ/OpenWPM/automation/Extension/firefox/openwpm.xpi!/privileged/sockets/api.js:51:33
2020-03-09 14:56:29,242 - MainProcess[log-interceptor-1]- selenium_firefox     - DEBUG   : BROWSER 1: driver: 
2020-03-09 14:56:32,040 - MainProcess[MainThread]- BrowserManager       - DEBUG   : BROWSER 1: Browser manager closed successfully.
2020-03-09 14:56:32,041 - MainProcess[MainThread]- BaseAggregator       - DEBUG   : Sending the shutdown signal to the LocalAggregator listener process...
2020-03-09 14:56:32,339 - MainProcess[MainThread]- BaseAggregator       - DEBUG   : Status update; current record queue size: 0. current number of threads: 3.
2020-03-09 14:56:32,341 - MainProcess[MainThread]- BaseAggregator       - INFO    : Received shutdown signal!
2020-03-09 14:56:35,351 - MainProcess[MainThread]- BaseAggregator       - DEBUG   : LocalAggregator took 3.3093459606170654 seconds to close.
